<?xml version="1.1" encoding="UTF-8"?>
<testsuite name="gradle.sample.ReadWelcomeMessageTest" tests="1" failures="0" errors="0" timestamp="2014-11-03T06:39:31" hostname="HQITSFIT0450A" time="0.0">
  <properties/>
  <testcase name="readWelcomeMessage" classname="gradle.sample.ReadWelcomeMessageTest" time="0.0"/>
  <system-out><![CDATA[]]></system-out>
  <system-err><![CDATA[]]></system-err>
</testsuite>
