<?xml version="1.0" encoding="UTF-8"?>
<testsuite name="gradle.sample.SampleTestNG" tests="1" skipped="0" failures="0" errors="0" timestamp="2014-09-24T09:19:47" hostname="HQITSFIT0450A" time="0.0090">
  <properties/>
  <testcase name="testGetWelcomeMessage" classname="gradle.sample.SampleTestNG" time="0.0090"/>
  <system-out><![CDATA[]]></system-out>
  <system-err><![CDATA[]]></system-err>
</testsuite>
